<?xml version="1.0" encoding="UTF-8"?>
<testng-results ignored="0" total="1" passed="1" failed="0" skipped="0">
  <reporter-output>
  </reporter-output>
  <suite started-at="2025-05-26T20:11:40 IST" name="Surefire suite" finished-at="2025-05-26T20:11:40 IST" duration-ms="65">
    <groups>
    </groups>
    <test started-at="2025-05-26T20:11:40 IST" name="Surefire test" finished-at="2025-05-26T20:11:40 IST" duration-ms="65">
      <class name="com.big.demo.TestHelloWorld">
        <test-method signature="testHelloWorld()[pri:0, instance:com.big.demo.TestHelloWorld@3ee0fea4]" started-at="2025-05-26T20:11:40 IST" name="testHelloWorld" finished-at="2025-05-26T20:11:40 IST" duration-ms="6" status="PASS">
          <reporter-output>
          </reporter-output>
        </test-method> <!-- testHelloWorld -->
      </class> <!-- com.big.demo.TestHelloWorld -->
    </test> <!-- Surefire test -->
  </suite> <!-- Surefire suite -->
</testng-results>
